0 info it worked if it ends with ok
1 verbose cli [ 'C:\\Program Files\\nodejs\\node.exe',
1 verbose cli   'C:\\Users\\Acer-Vinayak-2\\AppData\\Roaming\\npm\\node_modules\\npm\\bin\\npm-cli.js',
1 verbose cli   'start' ]
2 info using npm@3.10.9
3 info using node@v6.9.2
4 verbose run-script [ 'prestart', 'start', 'poststart' ]
5 info lifecycle portall-chat-bot@0.0.0~prestart: portall-chat-bot@0.0.0
6 silly lifecycle portall-chat-bot@0.0.0~prestart: no script for prestart, continuing
7 info lifecycle portall-chat-bot@0.0.0~start: portall-chat-bot@0.0.0
8 verbose lifecycle portall-chat-bot@0.0.0~start: unsafe-perm in lifecycle true
9 verbose lifecycle portall-chat-bot@0.0.0~start: PATH: C:\Users\Acer-Vinayak-2\AppData\Roaming\npm\node_modules\npm\bin\node-gyp-bin;D:\Bot\portall-demo-bot\node_modules\.bin;C:\Users\Acer-Vinayak-2\bin;C:\Program Files\Git\mingw64\bin;C:\Program Files\Git\usr\local\bin;C:\Program Files\Git\usr\bin;C:\Program Files\Git\usr\bin;C:\Program Files\Git\mingw64\bin;C:\Program Files\Git\usr\bin;C:\Users\Acer-Vinayak-2\bin;C:\ProgramData\Oracle\Java\javapath;C:\Program Files\Common Files\Microsoft Shared\Microsoft Online Services;C:\Program Files (x86)\Common Files\Microsoft Shared\Microsoft Online Services;C:\oracle\instantclient;C:\oraclexe\app\oracle\product\11.2.0\server\bin;C:\WINDOWS\system32;C:\WINDOWS;C:\WINDOWS\System32\Wbem;C:\WINDOWS\System32\WindowsPowerShell\v1.0;C:\Program Files (x86)\MySQL\MySQL Fabric 1.5 & MySQL Utilities 1.5;C:\Program Files (x86)\MySQL\MySQL Fabric 1.5 & MySQL Utilities 1.5\Doctrine extensions for PHP;C:\JMeter\bin;C:\Program Files\CloudFoundry;C:\Program Files\Git\cmd;C:\Program Files (x86)\Windows Kits\8.1\Windows Performance Toolkit;C:\WINDOWS\system32\config\systemprofile\.dnx\bin;C:\Program Files\Microsoft DNX\Dnvm;C:\Users\Acer-Vinayak-2\AppData\Roaming\npm;C:\Program Files (x86)\Heroku\bin;C:\Program Files (x86)\git\cmd;C:\hadoop-2.7.3\bin;C:\hadoop-2.7.1\hive-2.1.0\bin;C:\derby-10.12.1.1\bin;C:\Program Files (x86)\Skype\Phone;C:\Users\Acer-Vinayak-2\AppData\Roaming\nvm;C:\Program Files\nodejs;C:\Program Files\OpenVPN\bin;C:\Program Files (x86)\scala\bin;C:\Program Files (x86)\sbt\bin;C:\Program Files (x86)\Java\jdk1.8.0_111\bin;C:\Program Files (x86)\Java\jdk1.8.0_111\bin;C:\Program Files\Amazon\AWSCLI;C:\Go\bin;C:\MinGW\bin;C:\ProgramData\chocolatey\bin;C:\RailsInstaller\Ruby2.2.0\bin;C:\Users\Acer-Vinayak-2\.dnx\bin;C:\Program Files\apache-maven-3.3.9\bin;C:\Python27;C:\oraclexe\app\oracle\product\11.2.0\server\bin;C:\oraclexe\app\oracle\product\11.2.0\server\oci\include;C:\oraclexe\app\oracle\product\11.2.0\server\oci\lib\MSVC;C:\oracle\instantclient;C:\Users\Acer-Vinayak-2\AppData\Roaming\npm;C:\oracle\instantclient\sdk\lib\msvc;C:\oracle\instantclient\sdk\include;C:\OpenSSL-Win64\bin;C:\Users\Acer-Vinayak-2\AppData\Local\Microsoft\WindowsApps;C:\hadoop-2.7.1\bin;C:\Users\Acer-Vinayak-2\AppData\Roaming\npm;C:\Program Files (x86)\Microsoft VS Code\bin;C:\Users\Acer-Vinayak-2\AppData\Roaming\nvm;C:\Program Files\nodejs;C:\Program Files (x86)\scala\bin;C:\Program Files (x86)\sbt\bin;C:\Program Files (x86)\Java\jdk1.8.0_111;C:\Program Files (x86)\Java\jdk1.8.0_111\bin;C:\Go\bin;C:\Program Files\Docker\Docker\resources\bin;C:\MinGW\bin;C:\Program Files\Git\usr\bin\vendor_perl;C:\Program Files\Git\usr\bin\core_perl
10 verbose lifecycle portall-chat-bot@0.0.0~start: CWD: D:\Bot\portall-demo-bot
11 silly lifecycle portall-chat-bot@0.0.0~start: Args: [ '/d /s /c', 'node ./bin/www' ]
12 silly lifecycle portall-chat-bot@0.0.0~start: Returned: code: 1  signal: null
13 info lifecycle portall-chat-bot@0.0.0~start: Failed to exec start script
14 verbose stack Error: portall-chat-bot@0.0.0 start: `node ./bin/www`
14 verbose stack Exit status 1
14 verbose stack     at EventEmitter.<anonymous> (C:\Users\Acer-Vinayak-2\AppData\Roaming\npm\node_modules\npm\lib\utils\lifecycle.js:255:16)
14 verbose stack     at emitTwo (events.js:106:13)
14 verbose stack     at EventEmitter.emit (events.js:191:7)
14 verbose stack     at ChildProcess.<anonymous> (C:\Users\Acer-Vinayak-2\AppData\Roaming\npm\node_modules\npm\lib\utils\spawn.js:40:14)
14 verbose stack     at emitTwo (events.js:106:13)
14 verbose stack     at ChildProcess.emit (events.js:191:7)
14 verbose stack     at maybeClose (internal/child_process.js:877:16)
14 verbose stack     at Process.ChildProcess._handle.onexit (internal/child_process.js:226:5)
15 verbose pkgid portall-chat-bot@0.0.0
16 verbose cwd D:\Bot\portall-demo-bot
17 error Windows_NT 10.0.14393
18 error argv "C:\\Program Files\\nodejs\\node.exe" "C:\\Users\\Acer-Vinayak-2\\AppData\\Roaming\\npm\\node_modules\\npm\\bin\\npm-cli.js" "start"
19 error node v6.9.2
20 error npm  v3.10.9
21 error code ELIFECYCLE
22 error portall-chat-bot@0.0.0 start: `node ./bin/www`
22 error Exit status 1
23 error Failed at the portall-chat-bot@0.0.0 start script 'node ./bin/www'.
23 error Make sure you have the latest version of node.js and npm installed.
23 error If you do, this is most likely a problem with the portall-chat-bot package,
23 error not with npm itself.
23 error Tell the author that this fails on your system:
23 error     node ./bin/www
23 error You can get information on how to open an issue for this project with:
23 error     npm bugs portall-chat-bot
23 error Or if that isn't available, you can get their info via:
23 error     npm owner ls portall-chat-bot
23 error There is likely additional logging output above.
24 verbose exit [ 1, true ]
